  main.cpp
D:\Repositories\bounces\OpenGL_Stuff\include\learnopengl\shader.h(58,40): warning C4101: 'e': unreferenced local variable
D:\Repositories\bounces\OpenGL\plane.h(91,24): warning C4267: 'return': conversion from 'size_t' to 'int', possible loss of data
D:\Repositories\bounces\OpenGL\particle.h(93,12): warning C4244: '=': conversion from 'double' to 'float', possible loss of data
D:\Repositories\bounces\OpenGL\particle.h(94,10): warning C4244: '=': conversion from 'double' to 'float', possible loss of data
D:\Repositories\bounces\OpenGL\particle.h(105,12): warning C4244: '=': conversion from 'double' to 'float', possible loss of data
D:\Repositories\bounces\OpenGL\particle.h(106,10): warning C4244: '=': conversion from 'double' to 'float', possible loss of data
D:\Repositories\bounces\OpenGL\source.h(17,2): warning C4305: 'initializing': truncation from 'double' to 'float'
D:\Repositories\bounces\OpenGL\source.h(17,8): warning C4305: 'initializing': truncation from 'double' to 'float'
D:\Repositories\bounces\OpenGL\source.h(17,13): warning C4305: 'initializing': truncation from 'double' to 'float'
D:\Repositories\bounces\OpenGL\source.h(18,3): warning C4305: 'initializing': truncation from 'double' to 'float'
D:\Repositories\bounces\OpenGL\source.h(18,9): warning C4305: 'initializing': truncation from 'double' to 'float'
D:\Repositories\bounces\OpenGL\source.h(18,14): warning C4305: 'initializing': truncation from 'double' to 'float'
D:\Repositories\bounces\OpenGL\source.h(19,8): warning C4305: 'initializing': truncation from 'double' to 'float'
D:\Repositories\bounces\OpenGL\source.h(19,13): warning C4305: 'initializing': truncation from 'double' to 'float'
D:\Repositories\bounces\OpenGL\source.h(21,2): warning C4305: 'initializing': truncation from 'double' to 'float'
D:\Repositories\bounces\OpenGL\source.h(21,8): warning C4305: 'initializing': truncation from 'double' to 'float'
D:\Repositories\bounces\OpenGL\source.h(21,14): warning C4305: 'initializing': truncation from 'double' to 'float'
D:\Repositories\bounces\OpenGL\source.h(22,2): warning C4305: 'initializing': truncation from 'double' to 'float'
D:\Repositories\bounces\OpenGL\source.h(22,9): warning C4305: 'initializing': truncation from 'double' to 'float'
D:\Repositories\bounces\OpenGL\source.h(22,15): warning C4305: 'initializing': truncation from 'double' to 'float'
D:\Repositories\bounces\OpenGL\source.h(23,2): warning C4305: 'initializing': truncation from 'double' to 'float'
D:\Repositories\bounces\OpenGL\source.h(23,8): warning C4305: 'initializing': truncation from 'double' to 'float'
D:\Repositories\bounces\OpenGL\source.h(23,13): warning C4305: 'initializing': truncation from 'double' to 'float'
D:\Repositories\bounces\OpenGL\source.h(25,6): warning C4305: 'initializing': truncation from 'double' to 'float'
D:\Repositories\bounces\OpenGL\source.h(25,11): warning C4305: 'initializing': truncation from 'double' to 'float'
D:\Repositories\bounces\OpenGL\source.h(26,2): warning C4305: 'initializing': truncation from 'double' to 'float'
D:\Repositories\bounces\OpenGL\source.h(26,8): warning C4305: 'initializing': truncation from 'double' to 'float'
D:\Repositories\bounces\OpenGL\source.h(26,13): warning C4305: 'initializing': truncation from 'double' to 'float'
D:\Repositories\bounces\OpenGL\source.h(27,2): warning C4305: 'initializing': truncation from 'double' to 'float'
D:\Repositories\bounces\OpenGL\source.h(27,9): warning C4305: 'initializing': truncation from 'double' to 'float'
D:\Repositories\bounces\OpenGL\source.h(27,15): warning C4305: 'initializing': truncation from 'double' to 'float'
D:\Repositories\bounces\OpenGL\source.h(29,2): warning C4305: 'initializing': truncation from 'double' to 'float'
D:\Repositories\bounces\OpenGL\source.h(29,8): warning C4305: 'initializing': truncation from 'double' to 'float'
D:\Repositories\bounces\OpenGL\source.h(29,13): warning C4305: 'initializing': truncation from 'double' to 'float'
D:\Repositories\bounces\OpenGL\source.h(30,3): warning C4305: 'initializing': truncation from 'double' to 'float'
D:\Repositories\bounces\OpenGL\source.h(30,9): warning C4305: 'initializing': truncation from 'double' to 'float'
D:\Repositories\bounces\OpenGL\source.h(30,14): warning C4305: 'initializing': truncation from 'double' to 'float'
D:\Repositories\bounces\OpenGL\source.h(31,5): warning C4305: 'initializing': truncation from 'double' to 'float'
D:\Repositories\bounces\OpenGL\source.h(31,11): warning C4305: 'initializing': truncation from 'double' to 'float'
D:\Repositories\bounces\OpenGL\source.h(33,2): warning C4305: 'initializing': truncation from 'double' to 'float'
D:\Repositories\bounces\OpenGL\source.h(33,8): warning C4305: 'initializing': truncation from 'double' to 'float'
D:\Repositories\bounces\OpenGL\source.h(33,13): warning C4305: 'initializing': truncation from 'double' to 'float'
D:\Repositories\bounces\OpenGL\source.h(34,5): warning C4305: 'initializing': truncation from 'double' to 'float'
D:\Repositories\bounces\OpenGL\source.h(34,11): warning C4305: 'initializing': truncation from 'double' to 'float'
D:\Repositories\bounces\OpenGL\source.h(35,2): warning C4305: 'initializing': truncation from 'double' to 'float'
D:\Repositories\bounces\OpenGL\source.h(35,8): warning C4305: 'initializing': truncation from 'double' to 'float'
D:\Repositories\bounces\OpenGL\source.h(35,14): warning C4305: 'initializing': truncation from 'double' to 'float'
D:\Repositories\bounces\OpenGL\source.h(37,6): warning C4305: 'initializing': truncation from 'double' to 'float'
D:\Repositories\bounces\OpenGL\source.h(37,11): warning C4305: 'initializing': truncation from 'double' to 'float'
D:\Repositories\bounces\OpenGL\source.h(38,3): warning C4305: 'initializing': truncation from 'double' to 'float'
D:\Repositories\bounces\OpenGL\source.h(38,9): warning C4305: 'initializing': truncation from 'double' to 'float'
D:\Repositories\bounces\OpenGL\source.h(38,14): warning C4305: 'initializing': truncation from 'double' to 'float'
D:\Repositories\bounces\OpenGL\source.h(39,3): warning C4305: 'initializing': truncation from 'double' to 'float'
D:\Repositories\bounces\OpenGL\source.h(39,10): warning C4305: 'initializing': truncation from 'double' to 'float'
D:\Repositories\bounces\OpenGL\source.h(39,16): warning C4305: 'initializing': truncation from 'double' to 'float'
D:\Repositories\bounces\OpenGL\source.h(41,3): warning C4305: 'initializing': truncation from 'double' to 'float'
D:\Repositories\bounces\OpenGL\source.h(41,9): warning C4305: 'initializing': truncation from 'double' to 'float'
D:\Repositories\bounces\OpenGL\source.h(41,14): warning C4305: 'initializing': truncation from 'double' to 'float'
D:\Repositories\bounces\OpenGL\source.h(42,5): warning C4305: 'initializing': truncation from 'double' to 'float'
D:\Repositories\bounces\OpenGL\source.h(42,11): warning C4305: 'initializing': truncation from 'double' to 'float'
D:\Repositories\bounces\OpenGL\source.h(43,3): warning C4305: 'initializing': truncation from 'double' to 'float'
D:\Repositories\bounces\OpenGL\source.h(43,9): warning C4305: 'initializing': truncation from 'double' to 'float'
D:\Repositories\bounces\OpenGL\source.h(43,15): warning C4305: 'initializing': truncation from 'double' to 'float'
D:\Repositories\bounces\OpenGL\source.h(45,3): warning C4305: 'initializing': truncation from 'double' to 'float'
D:\Repositories\bounces\OpenGL\source.h(45,9): warning C4305: 'initializing': truncation from 'double' to 'float'
D:\Repositories\bounces\OpenGL\source.h(45,14): warning C4305: 'initializing': truncation from 'double' to 'float'
D:\Repositories\bounces\OpenGL\source.h(46,3): warning C4305: 'initializing': truncation from 'double' to 'float'
D:\Repositories\bounces\OpenGL\source.h(46,10): warning C4305: 'initializing': truncation from 'double' to 'float'
D:\Repositories\bounces\OpenGL\source.h(46,16): warning C4305: 'initializing': truncation from 'double' to 'float'
D:\Repositories\bounces\OpenGL\source.h(47,3): warning C4305: 'initializing': truncation from 'double' to 'float'
D:\Repositories\bounces\OpenGL\source.h(47,9): warning C4305: 'initializing': truncation from 'double' to 'float'
D:\Repositories\bounces\OpenGL\source.h(47,15): warning C4305: 'initializing': truncation from 'double' to 'float'
D:\Repositories\bounces\OpenGL\source.h(49,6): warning C4305: 'initializing': truncation from 'double' to 'float'
D:\Repositories\bounces\OpenGL\source.h(49,11): warning C4305: 'initializing': truncation from 'double' to 'float'
D:\Repositories\bounces\OpenGL\source.h(50,3): warning C4305: 'initializing': truncation from 'double' to 'float'
D:\Repositories\bounces\OpenGL\source.h(50,10): warning C4305: 'initializing': truncation from 'double' to 'float'
D:\Repositories\bounces\OpenGL\source.h(50,16): warning C4305: 'initializing': truncation from 'double' to 'float'
D:\Repositories\bounces\OpenGL\source.h(51,6): warning C4305: 'initializing': truncation from 'double' to 'float'
D:\Repositories\bounces\OpenGL\source.h(51,12): warning C4305: 'initializing': truncation from 'double' to 'float'
D:\Repositories\bounces\OpenGL\source.h(53,6): warning C4305: 'initializing': truncation from 'double' to 'float'
D:\Repositories\bounces\OpenGL\source.h(53,11): warning C4305: 'initializing': truncation from 'double' to 'float'
D:\Repositories\bounces\OpenGL\source.h(54,2): warning C4305: 'initializing': truncation from 'double' to 'float'
D:\Repositories\bounces\OpenGL\source.h(54,9): warning C4305: 'initializing': truncation from 'double' to 'float'
D:\Repositories\bounces\OpenGL\source.h(54,15): warning C4305: 'initializing': truncation from 'double' to 'float'
D:\Repositories\bounces\OpenGL\source.h(55,6): warning C4305: 'initializing': truncation from 'double' to 'float'
D:\Repositories\bounces\OpenGL\source.h(55,12): warning C4305: 'initializing': truncation from 'double' to 'float'
D:\Repositories\bounces\OpenGL\source.h(57,5): warning C4305: 'initializing': truncation from 'double' to 'float'
D:\Repositories\bounces\OpenGL\source.h(58,3): warning C4305: 'initializing': truncation from 'double' to 'float'
D:\Repositories\bounces\OpenGL\source.h(58,10): warning C4305: 'initializing': truncation from 'double' to 'float'
D:\Repositories\bounces\OpenGL\source.h(59,2): warning C4305: 'initializing': truncation from 'double' to 'float'
D:\Repositories\bounces\OpenGL\source.h(59,9): warning C4305: 'initializing': truncation from 'double' to 'float'
D:\Repositories\bounces\OpenGL\source.h(61,5): warning C4305: 'initializing': truncation from 'double' to 'float'
D:\Repositories\bounces\OpenGL\source.h(62,2): warning C4305: 'initializing': truncation from 'double' to 'float'
D:\Repositories\bounces\OpenGL\source.h(62,8): warning C4305: 'initializing': truncation from 'double' to 'float'
D:\Repositories\bounces\OpenGL\source.h(62,14): warning C4305: 'initializing': truncation from 'double' to 'float'
D:\Repositories\bounces\OpenGL\source.h(63,2): warning C4305: 'initializing': truncation from 'double' to 'float'
D:\Repositories\bounces\OpenGL\source.h(63,9): warning C4305: 'initializing': truncation from 'double' to 'float'
D:\Repositories\bounces\OpenGL\source.h(65,5): warning C4305: 'initializing': truncation from 'double' to 'float'
D:\Repositories\bounces\OpenGL\source.h(65,11): warning C4305: 'initializing': truncation from 'double' to 'float'
D:\Repositories\bounces\OpenGL\source.h(66,5): warning C4305: 'initializing': truncation from 'double' to 'float'
D:\Repositories\bounces\OpenGL\source.h(67,2): warning C4305: 'initializing': truncation from 'double' to 'float'
D:\Repositories\bounces\OpenGL\source.h(67,8): warning C4305: 'initializing': truncation from 'double' to 'float'
D:\Repositories\bounces\OpenGL\source.h(67,14): warning C4305: 'initializing': truncation from 'double' to 'float'
D:\Repositories\bounces\OpenGL\source.h(69,2): warning C4305: 'initializing': truncation from 'double' to 'float'
D:\Repositories\bounces\OpenGL\source.h(69,8): warning C4305: 'initializing': truncation from 'double' to 'float'
D:\Repositories\bounces\OpenGL\source.h(69,14): warning C4305: 'initializing': truncation from 'double' to 'float'
D:\Repositories\bounces\OpenGL\source.h(70,2): warning C4305: 'initializing': truncation from 'double' to 'float'
D:\Repositories\bounces\OpenGL\source.h(70,9): warning C4305: 'initializing': truncation from 'double' to 'float'
D:\Repositories\bounces\OpenGL\source.h(71,2): warning C4305: 'initializing': truncation from 'double' to 'float'
D:\Repositories\bounces\OpenGL\source.h(71,9): warning C4305: 'initializing': truncation from 'double' to 'float'
D:\Repositories\bounces\OpenGL\source.h(71,15): warning C4305: 'initializing': truncation from 'double' to 'float'
D:\Repositories\bounces\OpenGL\source.h(73,5): warning C4305: 'initializing': truncation from 'double' to 'float'
D:\Repositories\bounces\OpenGL\source.h(74,3): warning C4305: 'initializing': truncation from 'double' to 'float'
D:\Repositories\bounces\OpenGL\source.h(74,9): warning C4305: 'initializing': truncation from 'double' to 'float'
D:\Repositories\bounces\OpenGL\source.h(74,15): warning C4305: 'initializing': truncation from 'double' to 'float'
D:\Repositories\bounces\OpenGL\source.h(75,3): warning C4305: 'initializing': truncation from 'double' to 'float'
D:\Repositories\bounces\OpenGL\source.h(75,10): warning C4305: 'initializing': truncation from 'double' to 'float'
D:\Repositories\bounces\OpenGL\source.h(77,5): warning C4305: 'initializing': truncation from 'double' to 'float'
D:\Repositories\bounces\OpenGL\source.h(77,11): warning C4305: 'initializing': truncation from 'double' to 'float'
D:\Repositories\bounces\OpenGL\source.h(78,2): warning C4305: 'initializing': truncation from 'double' to 'float'
D:\Repositories\bounces\OpenGL\source.h(78,8): warning C4305: 'initializing': truncation from 'double' to 'float'
D:\Repositories\bounces\OpenGL\source.h(78,14): warning C4305: 'initializing': truncation from 'double' to 'float'
D:\Repositories\bounces\OpenGL\source.h(79,5): warning C4305: 'initializing': truncation from 'double' to 'float'
D:\Repositories\bounces\OpenGL\source.h(81,3): warning C4305: 'initializing': truncation from 'double' to 'float'
D:\Repositories\bounces\OpenGL\source.h(81,9): warning C4305: 'initializing': truncation from 'double' to 'float'
D:\Repositories\bounces\OpenGL\source.h(81,15): warning C4305: 'initializing': truncation from 'double' to 'float'
D:\Repositories\bounces\OpenGL\source.h(82,3): warning C4305: 'initializing': truncation from 'double' to 'float'
D:\Repositories\bounces\OpenGL\source.h(82,10): warning C4305: 'initializing': truncation from 'double' to 'float'
D:\Repositories\bounces\OpenGL\source.h(83,3): warning C4305: 'initializing': truncation from 'double' to 'float'
D:\Repositories\bounces\OpenGL\source.h(83,10): warning C4305: 'initializing': truncation from 'double' to 'float'
D:\Repositories\bounces\OpenGL\source.h(83,16): warning C4305: 'initializing': truncation from 'double' to 'float'
D:\Repositories\bounces\OpenGL\source.h(85,6): warning C4305: 'initializing': truncation from 'double' to 'float'
D:\Repositories\bounces\OpenGL\source.h(85,12): warning C4305: 'initializing': truncation from 'double' to 'float'
D:\Repositories\bounces\OpenGL\source.h(86,2): warning C4305: 'initializing': truncation from 'double' to 'float'
D:\Repositories\bounces\OpenGL\source.h(86,9): warning C4305: 'initializing': truncation from 'double' to 'float'
D:\Repositories\bounces\OpenGL\source.h(87,2): warning C4305: 'initializing': truncation from 'double' to 'float'
D:\Repositories\bounces\OpenGL\source.h(87,9): warning C4305: 'initializing': truncation from 'double' to 'float'
D:\Repositories\bounces\OpenGL\source.h(87,15): warning C4305: 'initializing': truncation from 'double' to 'float'
D:\Repositories\bounces\OpenGL\source.h(89,3): warning C4305: 'initializing': truncation from 'double' to 'float'
D:\Repositories\bounces\OpenGL\source.h(89,10): warning C4305: 'initializing': truncation from 'double' to 'float'
D:\Repositories\bounces\OpenGL\source.h(90,3): warning C4305: 'initializing': truncation from 'double' to 'float'
D:\Repositories\bounces\OpenGL\source.h(90,10): warning C4305: 'initializing': truncation from 'double' to 'float'
D:\Repositories\bounces\OpenGL\source.h(90,16): warning C4305: 'initializing': truncation from 'double' to 'float'
D:\Repositories\bounces\OpenGL\source.h(91,6): warning C4305: 'initializing': truncation from 'double' to 'float'
D:\Repositories\bounces\OpenGL\source.h(91,12): warning C4305: 'initializing': truncation from 'double' to 'float'
D:\Repositories\bounces\OpenGL\source.h(93,2): warning C4305: 'initializing': truncation from 'double' to 'float'
D:\Repositories\bounces\OpenGL\source.h(93,9): warning C4305: 'initializing': truncation from 'double' to 'float'
D:\Repositories\bounces\OpenGL\source.h(94,3): warning C4305: 'initializing': truncation from 'double' to 'float'
D:\Repositories\bounces\OpenGL\source.h(94,10): warning C4305: 'initializing': truncation from 'double' to 'float'
D:\Repositories\bounces\OpenGL\source.h(95,6): warning C4305: 'initializing': truncation from 'double' to 'float'
D:\Repositories\bounces\OpenGL\source.h(95,12): warning C4305: 'initializing': truncation from 'double' to 'float'
D:\Repositories\bounces\OpenGL\source.h(159,82): warning C4267: 'argument': conversion from 'size_t' to 'int', possible loss of data
D:\Repositories\bounces\OpenGL\main.cpp(106,51): warning C4305: 'argument': truncation from 'double' to 'float'
glfw3.lib(init.obj) : warning LNK4099: PDB '' was not found with 'glfw3.lib(init.obj)' or at ''; linking object as if no debug info
glfw3.lib(window.obj) : warning LNK4099: PDB '' was not found with 'glfw3.lib(window.obj)' or at ''; linking object as if no debug info
glfw3.lib(input.obj) : warning LNK4099: PDB '' was not found with 'glfw3.lib(input.obj)' or at ''; linking object as if no debug info
glfw3.lib(context.obj) : warning LNK4099: PDB '' was not found with 'glfw3.lib(context.obj)' or at ''; linking object as if no debug info
glfw3.lib(win32_init.obj) : warning LNK4099: PDB '' was not found with 'glfw3.lib(win32_init.obj)' or at ''; linking object as if no debug info
glfw3.lib(win32_monitor.obj) : warning LNK4099: PDB '' was not found with 'glfw3.lib(win32_monitor.obj)' or at ''; linking object as if no debug info
glfw3.lib(win32_time.obj) : warning LNK4099: PDB '' was not found with 'glfw3.lib(win32_time.obj)' or at ''; linking object as if no debug info
glfw3.lib(win32_thread.obj) : warning LNK4099: PDB '' was not found with 'glfw3.lib(win32_thread.obj)' or at ''; linking object as if no debug info
glfw3.lib(monitor.obj) : warning LNK4099: PDB '' was not found with 'glfw3.lib(monitor.obj)' or at ''; linking object as if no debug info
glfw3.lib(vulkan.obj) : warning LNK4099: PDB '' was not found with 'glfw3.lib(vulkan.obj)' or at ''; linking object as if no debug info
glfw3.lib(win32_window.obj) : warning LNK4099: PDB '' was not found with 'glfw3.lib(win32_window.obj)' or at ''; linking object as if no debug info
glfw3.lib(win32_joystick.obj) : warning LNK4099: PDB '' was not found with 'glfw3.lib(win32_joystick.obj)' or at ''; linking object as if no debug info
glfw3.lib(wgl_context.obj) : warning LNK4099: PDB '' was not found with 'glfw3.lib(wgl_context.obj)' or at ''; linking object as if no debug info
glfw3.lib(egl_context.obj) : warning LNK4099: PDB '' was not found with 'glfw3.lib(egl_context.obj)' or at ''; linking object as if no debug info
glfw3.lib(osmesa_context.obj) : warning LNK4099: PDB '' was not found with 'glfw3.lib(osmesa_context.obj)' or at ''; linking object as if no debug info
  OpenGL.vcxproj -> D:\Repositories\bounces\x64\Debug\OpenGL.exe
